::1 - - [12/Apr/2020:15:50:28 +0000] "GET / HTTP/1.1" 200 - "http://localhost:3000/" "Mozilla/5.0 (Windows NT 6.1; Win64; x64) AppleWebKit/537.36 (KHTML, like Gecko) Chrome/80.0.3987.149 Safari/537.36"
::1 - - [12/Apr/2020:15:50:28 +0000] "GET /css/main.css HTTP/1.1" 304 - "http://localhost:3000/" "Mozilla/5.0 (Windows NT 6.1; Win64; x64) AppleWebKit/537.36 (KHTML, like Gecko) Chrome/80.0.3987.149 Safari/537.36"
::1 - - [12/Apr/2020:15:50:28 +0000] "GET /css/product.css HTTP/1.1" 304 - "http://localhost:3000/" "Mozilla/5.0 (Windows NT 6.1; Win64; x64) AppleWebKit/537.36 (KHTML, like Gecko) Chrome/80.0.3987.149 Safari/537.36"
::1 - - [12/Apr/2020:15:50:28 +0000] "GET /js/main.js HTTP/1.1" 304 - "http://localhost:3000/" "Mozilla/5.0 (Windows NT 6.1; Win64; x64) AppleWebKit/537.36 (KHTML, like Gecko) Chrome/80.0.3987.149 Safari/537.36"
::1 - - [12/Apr/2020:17:01:42 +0000] "GET / HTTP/1.1" 200 - "-" "Mozilla/5.0 (Windows NT 6.1; Win64; x64) AppleWebKit/537.36 (KHTML, like Gecko) Chrome/80.0.3987.149 Safari/537.36"
::1 - - [12/Apr/2020:17:01:43 +0000] "GET /css/main.css HTTP/1.1" 304 - "http://localhost:3000/" "Mozilla/5.0 (Windows NT 6.1; Win64; x64) AppleWebKit/537.36 (KHTML, like Gecko) Chrome/80.0.3987.149 Safari/537.36"
::1 - - [12/Apr/2020:17:01:43 +0000] "GET /css/product.css HTTP/1.1" 304 - "http://localhost:3000/" "Mozilla/5.0 (Windows NT 6.1; Win64; x64) AppleWebKit/537.36 (KHTML, like Gecko) Chrome/80.0.3987.149 Safari/537.36"
::1 - - [12/Apr/2020:17:01:43 +0000] "GET /js/main.js HTTP/1.1" 304 - "http://localhost:3000/" "Mozilla/5.0 (Windows NT 6.1; Win64; x64) AppleWebKit/537.36 (KHTML, like Gecko) Chrome/80.0.3987.149 Safari/537.36"
::1 - - [12/Apr/2020:17:01:55 +0000] "GET /?page=2 HTTP/1.1" 200 - "http://localhost:3000/" "Mozilla/5.0 (Windows NT 6.1; Win64; x64) AppleWebKit/537.36 (KHTML, like Gecko) Chrome/80.0.3987.149 Safari/537.36"
::1 - - [12/Apr/2020:17:01:55 +0000] "GET /css/main.css HTTP/1.1" 304 - "http://localhost:3000/?page=2" "Mozilla/5.0 (Windows NT 6.1; Win64; x64) AppleWebKit/537.36 (KHTML, like Gecko) Chrome/80.0.3987.149 Safari/537.36"
::1 - - [12/Apr/2020:17:01:55 +0000] "GET /css/product.css HTTP/1.1" 304 - "http://localhost:3000/?page=2" "Mozilla/5.0 (Windows NT 6.1; Win64; x64) AppleWebKit/537.36 (KHTML, like Gecko) Chrome/80.0.3987.149 Safari/537.36"
::1 - - [12/Apr/2020:17:01:55 +0000] "GET /js/main.js HTTP/1.1" 304 - "http://localhost:3000/?page=2" "Mozilla/5.0 (Windows NT 6.1; Win64; x64) AppleWebKit/537.36 (KHTML, like Gecko) Chrome/80.0.3987.149 Safari/537.36"
::1 - - [12/Apr/2020:17:01:58 +0000] "GET /?page=3 HTTP/1.1" 200 - "http://localhost:3000/?page=2" "Mozilla/5.0 (Windows NT 6.1; Win64; x64) AppleWebKit/537.36 (KHTML, like Gecko) Chrome/80.0.3987.149 Safari/537.36"
::1 - - [12/Apr/2020:17:01:58 +0000] "GET /css/main.css HTTP/1.1" 304 - "http://localhost:3000/?page=3" "Mozilla/5.0 (Windows NT 6.1; Win64; x64) AppleWebKit/537.36 (KHTML, like Gecko) Chrome/80.0.3987.149 Safari/537.36"
::1 - - [12/Apr/2020:17:01:58 +0000] "GET /css/product.css HTTP/1.1" 304 - "http://localhost:3000/?page=3" "Mozilla/5.0 (Windows NT 6.1; Win64; x64) AppleWebKit/537.36 (KHTML, like Gecko) Chrome/80.0.3987.149 Safari/537.36"
::1 - - [12/Apr/2020:17:01:58 +0000] "GET /js/main.js HTTP/1.1" 304 - "http://localhost:3000/?page=3" "Mozilla/5.0 (Windows NT 6.1; Win64; x64) AppleWebKit/537.36 (KHTML, like Gecko) Chrome/80.0.3987.149 Safari/537.36"
::1 - - [12/Apr/2020:17:02:03 +0000] "GET /?page=1 HTTP/1.1" 200 - "http://localhost:3000/?page=3" "Mozilla/5.0 (Windows NT 6.1; Win64; x64) AppleWebKit/537.36 (KHTML, like Gecko) Chrome/80.0.3987.149 Safari/537.36"
::1 - - [12/Apr/2020:17:02:03 +0000] "GET /css/main.css HTTP/1.1" 304 - "http://localhost:3000/?page=1" "Mozilla/5.0 (Windows NT 6.1; Win64; x64) AppleWebKit/537.36 (KHTML, like Gecko) Chrome/80.0.3987.149 Safari/537.36"
::1 - - [12/Apr/2020:17:02:03 +0000] "GET /css/product.css HTTP/1.1" 304 - "http://localhost:3000/?page=1" "Mozilla/5.0 (Windows NT 6.1; Win64; x64) AppleWebKit/537.36 (KHTML, like Gecko) Chrome/80.0.3987.149 Safari/537.36"
::1 - - [12/Apr/2020:17:02:03 +0000] "GET /js/main.js HTTP/1.1" 304 - "http://localhost:3000/?page=1" "Mozilla/5.0 (Windows NT 6.1; Win64; x64) AppleWebKit/537.36 (KHTML, like Gecko) Chrome/80.0.3987.149 Safari/537.36"
::1 - - [12/Apr/2020:17:05:58 +0000] "GET /css/main.css HTTP/1.1" 304 - "http://localhost:3000/?page=1" "Mozilla/5.0 (Windows NT 6.1; Win64; x64) AppleWebKit/537.36 (KHTML, like Gecko) Chrome/80.0.3987.149 Safari/537.36"
::1 - - [12/Apr/2020:17:05:58 +0000] "GET /css/product.css HTTP/1.1" 304 - "http://localhost:3000/?page=1" "Mozilla/5.0 (Windows NT 6.1; Win64; x64) AppleWebKit/537.36 (KHTML, like Gecko) Chrome/80.0.3987.149 Safari/537.36"
::1 - - [12/Apr/2020:17:09:18 +0000] "GET /?page=1 HTTP/1.1" 200 - "http://localhost:3000/?page=3" "Mozilla/5.0 (Windows NT 6.1; Win64; x64) AppleWebKit/537.36 (KHTML, like Gecko) Chrome/80.0.3987.149 Safari/537.36"
::1 - - [12/Apr/2020:17:09:18 +0000] "GET /css/product.css HTTP/1.1" 304 - "http://localhost:3000/?page=1" "Mozilla/5.0 (Windows NT 6.1; Win64; x64) AppleWebKit/537.36 (KHTML, like Gecko) Chrome/80.0.3987.149 Safari/537.36"
::1 - - [12/Apr/2020:17:09:18 +0000] "GET /css/main.css HTTP/1.1" 200 - "http://localhost:3000/?page=1" "Mozilla/5.0 (Windows NT 6.1; Win64; x64) AppleWebKit/537.36 (KHTML, like Gecko) Chrome/80.0.3987.149 Safari/537.36"
::1 - - [12/Apr/2020:17:09:18 +0000] "GET /js/main.js HTTP/1.1" 304 - "http://localhost:3000/?page=1" "Mozilla/5.0 (Windows NT 6.1; Win64; x64) AppleWebKit/537.36 (KHTML, like Gecko) Chrome/80.0.3987.149 Safari/537.36"
::1 - - [12/Apr/2020:17:09:23 +0000] "GET /?page=2 HTTP/1.1" 200 - "http://localhost:3000/?page=1" "Mozilla/5.0 (Windows NT 6.1; Win64; x64) AppleWebKit/537.36 (KHTML, like Gecko) Chrome/80.0.3987.149 Safari/537.36"
::1 - - [12/Apr/2020:17:09:23 +0000] "GET /css/main.css HTTP/1.1" 304 - "http://localhost:3000/?page=2" "Mozilla/5.0 (Windows NT 6.1; Win64; x64) AppleWebKit/537.36 (KHTML, like Gecko) Chrome/80.0.3987.149 Safari/537.36"
::1 - - [12/Apr/2020:17:09:23 +0000] "GET /css/product.css HTTP/1.1" 304 - "http://localhost:3000/?page=2" "Mozilla/5.0 (Windows NT 6.1; Win64; x64) AppleWebKit/537.36 (KHTML, like Gecko) Chrome/80.0.3987.149 Safari/537.36"
::1 - - [12/Apr/2020:17:09:23 +0000] "GET /js/main.js HTTP/1.1" 304 - "http://localhost:3000/?page=2" "Mozilla/5.0 (Windows NT 6.1; Win64; x64) AppleWebKit/537.36 (KHTML, like Gecko) Chrome/80.0.3987.149 Safari/537.36"
::1 - - [12/Apr/2020:17:09:24 +0000] "GET /?page=3 HTTP/1.1" 200 - "http://localhost:3000/?page=2" "Mozilla/5.0 (Windows NT 6.1; Win64; x64) AppleWebKit/537.36 (KHTML, like Gecko) Chrome/80.0.3987.149 Safari/537.36"
::1 - - [12/Apr/2020:17:09:24 +0000] "GET /css/main.css HTTP/1.1" 304 - "http://localhost:3000/?page=3" "Mozilla/5.0 (Windows NT 6.1; Win64; x64) AppleWebKit/537.36 (KHTML, like Gecko) Chrome/80.0.3987.149 Safari/537.36"
::1 - - [12/Apr/2020:17:09:24 +0000] "GET /css/product.css HTTP/1.1" 304 - "http://localhost:3000/?page=3" "Mozilla/5.0 (Windows NT 6.1; Win64; x64) AppleWebKit/537.36 (KHTML, like Gecko) Chrome/80.0.3987.149 Safari/537.36"
::1 - - [12/Apr/2020:17:09:24 +0000] "GET /js/main.js HTTP/1.1" 304 - "http://localhost:3000/?page=3" "Mozilla/5.0 (Windows NT 6.1; Win64; x64) AppleWebKit/537.36 (KHTML, like Gecko) Chrome/80.0.3987.149 Safari/537.36"
::1 - - [12/Apr/2020:17:09:26 +0000] "GET /?page=1 HTTP/1.1" 200 - "http://localhost:3000/?page=3" "Mozilla/5.0 (Windows NT 6.1; Win64; x64) AppleWebKit/537.36 (KHTML, like Gecko) Chrome/80.0.3987.149 Safari/537.36"
::1 - - [12/Apr/2020:17:09:26 +0000] "GET /css/main.css HTTP/1.1" 304 - "http://localhost:3000/?page=1" "Mozilla/5.0 (Windows NT 6.1; Win64; x64) AppleWebKit/537.36 (KHTML, like Gecko) Chrome/80.0.3987.149 Safari/537.36"
::1 - - [12/Apr/2020:17:09:26 +0000] "GET /css/product.css HTTP/1.1" 304 - "http://localhost:3000/?page=1" "Mozilla/5.0 (Windows NT 6.1; Win64; x64) AppleWebKit/537.36 (KHTML, like Gecko) Chrome/80.0.3987.149 Safari/537.36"
::1 - - [12/Apr/2020:17:09:26 +0000] "GET /js/main.js HTTP/1.1" 304 - "http://localhost:3000/?page=1" "Mozilla/5.0 (Windows NT 6.1; Win64; x64) AppleWebKit/537.36 (KHTML, like Gecko) Chrome/80.0.3987.149 Safari/537.36"
